16:24:33 [INFO] Logging initialized successfully.
16:24:33 [INFO] Running the application initialization process...
16:24:33 [INFO] Starting application initialization...
Starting application initialization...
16:24:33 [INFO] Setting DLL path...
Setting DLL path...
16:24:33 [INFO] Determining current directory for DLL path...
Determining current directory for DLL path...
16:24:33 [INFO] Updating PATH environment variable...
Updating PATH environment variable...
16:24:33 [INFO] DLL Directory set to: "C:\\S2O\\s2o_net_lib\\src/s2o_dll"
DLL Directory set to: "C:\\S2O\\s2o_net_lib\\src/s2o_dll"
16:24:33 [INFO] PATH updated to: C:\S2O\s2o_net_lib\src/s2o_dll;C:\Program Files\Python39\Scripts\;C:\Program Files\Python39\;C:\Program Files (x86)\Common Files\Oracle\Java\java8path;C:\Program Files (x86)\Common Files\Oracle\Java\javapath;C:\Windows\system32;C:\Windows;C:\Windows\System32\Wbem;C:\Windows\System32\WindowsPowerShell\v1.0\;C:\Windows\System32\OpenSSH\;C:\Program Files\dotnet\;C:\Program Files (x86)\NVIDIA Corporation\PhysX\Common;C:\Program Files\NVIDIA Corporation\NVIDIA app\NvDLISR;C:\Program Files\Git\cmd;C:\Program Files\Microsoft SQL Server\150\Tools\Binn\;C:\Program Files\Microsoft SQL Server\Client SDK\ODBC\170\Tools\Binn\;C:\Program Files (x86)\Windows Kits\10\Windows Performance Toolkit\;C:\Program Files\Microsoft Network Monitor 3\;C:\Users\grego\.cargo\bin;C:\Users\grego\AppData\Local\Microsoft\WindowsApps;C:\Users\grego\.dotnet\tools;C:\Program Files\Wireshark
PATH updated to: C:\S2O\s2o_net_lib\src/s2o_dll;C:\Program Files\Python39\Scripts\;C:\Program Files\Python39\;C:\Program Files (x86)\Common Files\Oracle\Java\java8path;C:\Program Files (x86)\Common Files\Oracle\Java\javapath;C:\Windows\system32;C:\Windows;C:\Windows\System32\Wbem;C:\Windows\System32\WindowsPowerShell\v1.0\;C:\Windows\System32\OpenSSH\;C:\Program Files\dotnet\;C:\Program Files (x86)\NVIDIA Corporation\PhysX\Common;C:\Program Files\NVIDIA Corporation\NVIDIA app\NvDLISR;C:\Program Files\Git\cmd;C:\Program Files\Microsoft SQL Server\150\Tools\Binn\;C:\Program Files\Microsoft SQL Server\Client SDK\ODBC\170\Tools\Binn\;C:\Program Files (x86)\Windows Kits\10\Windows Performance Toolkit\;C:\Program Files\Microsoft Network Monitor 3\;C:\Users\grego\.cargo\bin;C:\Users\grego\AppData\Local\Microsoft\WindowsApps;C:\Users\grego\.dotnet\tools;C:\Program Files\Wireshark
16:24:33 [INFO] DLL path set successfully.
DLL path set successfully.
16:24:33 [INFO] Initializing security menu...
Initializing security menu...
16:24:33 [INFO] Checking for elevated privileges...
Checking for elevated privileges...
16:24:33 [INFO] Checking if the application is running with elevated privileges...
Checking if the application is running with elevated privileges...
16:24:33 [INFO] Token elevation status: true
Token elevation status: true
16:24:33 [INFO] Application is running with elevated privileges.
Application is running with elevated privileges.
16:24:33 [INFO] Program menu loop started.
Program menu loop started.
16:24:33 [INFO] Menu state initialized with default settings.
Menu state initialized with default settings.
16:24:33 [INFO] Update method called.
Update method called.
16:24:33 [INFO] Current app state: ProgramMenu
Current app state: ProgramMenu
16:24:33 [INFO] Rendering program menu.
Rendering program menu.
16:24:33 [INFO] Creating menu items.
Creating menu items.
16:24:33 [INFO] Checking for state transitions.
Checking for state transitions.
16:24:39 [INFO] Packet Capture selected.
Packet Capture selected.
16:24:39 [INFO] Transitioning to PacketCaptureMenu.
Transitioning to PacketCaptureMenu.
16:24:39 [INFO] Current app state: PacketCaptureMenu
Current app state: PacketCaptureMenu
16:24:39 [INFO] Rendering Packet Capture Menu.
Rendering Packet Capture Menu.
16:24:39 [INFO] DLL found...
DLL found...
16:24:39 [INFO] Aligning pc_menu...
Aligning pc_menu...
16:24:39 [INFO] Aligning packet sniffer...
Aligning packet sniffer...
16:24:39 [INFO] Aligning DLL...
Aligning DLL...
16:24:39 [INFO] Prepping packet capture...
Prepping packet capture...
16:24:39 [INFO] Packet capture prepped. Select Start Capture.
Packet capture prepped. Select Start Capture.
16:24:39 [INFO] Rendering packet capture menu...
16:24:39 [INFO] Rendering packet capture menu...
Rendering packet capture menu...
16:24:39 [INFO] Rendering the main menu with title: S2O's s2o_net_lib Crate
Rendering the main menu with title: S2O's s2o_net_lib Crate
16:24:39 [INFO] Calling render_menu...
Calling render_menu...
16:24:39 [INFO] render_menu completed.
render_menu completed.
16:24:39 [INFO] Rendering process logs...
Rendering process logs...
16:24:39 [INFO] Rendering process logs completed.
Rendering process logs completed.
16:24:39 [INFO] Rendering captured packets...
Rendering captured packets...
16:24:39 [INFO] Rendering captured packets completed.
Rendering captured packets completed.
16:24:50 [INFO] Starting packet capture...
Starting packet capture...
16:24:50 [ERROR] Failed to start sniffer: FunctionLoadError(DlOpen { desc: "Failed to start packet sniffer." })
16:24:50 [ERROR] Failed to start sniffer: FunctionLoadError(DlOpen { desc: "Failed to start packet sniffer." })
16:24:50 [INFO] Failed to start sniffer: FunctionLoadError(DlOpen { desc: "Failed to start packet sniffer." })
Failed to start sniffer: FunctionLoadError(DlOpen { desc: "Failed to start packet sniffer." })
16:25:03 [INFO] Exiting packet capture menu...
Exiting packet capture menu...
16:25:03 [INFO] Exiting packet capture menu.
Exiting packet capture menu.
16:25:03 [INFO] Transitioned to Program Menu
Transitioned to Program Menu
16:25:03 [INFO] Transitioned to Program Menu.
Transitioned to Program Menu.
16:25:03 [INFO] Action executed for: Exit
Action executed for: Exit
